
> ursa-optional@0.9.10 rebuild C:\Users\utalwar\Desktop\authorCSS\auth.or\client\node_modules\ursa-optional
> node-gyp rebuild


C:\Users\utalwar\Desktop\authorCSS\auth.or\client\node_modules\ursa-optional>if not defined npm_config_node_gyp (node "C:\Program Files\nodejs\node_modules\npm\node_modules\npm-lifecycle\node-gyp-bin\\..\..\node_modules\node-gyp\bin\node-gyp.js" rebuild )  else (node "C:\Program Files\nodejs\node_modules\npm\node_modules\node-gyp\bin\node-gyp.js" rebuild ) 
Building the projects in this solution one at a time. To enable parallel build, please add the "/m" switch.
  ursaNative.cc
  win_delay_load_hook.cc
c:\users\utalwar\desktop\authorcss\auth.or\client\node_modules\ursa-optional\src\ursanative.cc(543): error C2660: 'v8::String::Utf8Length': function does not take 0 arguments [C:\Users\utalwar\Desktop\authorCSS\auth.or\client\node_modules\ursa-optional\build\ursaNative.vcxproj]
  c:\users\utalwar\.node-gyp\12.4.0\include\node\v8.h(2678): note: see declaration of 'v8::String::Utf8Length' (compiling source file ..\src\ursaNative.cc)
c:\users\utalwar\desktop\authorcss\auth.or\client\node_modules\ursa-optional\src\ursanative.cc(553): error C2664: 'int v8::String::WriteUtf8(v8::Isolate *,char *,int,int *,int) const': cannot convert argument 1 from 'char *' to 'v8::Isolate *' [C:\Users\utalwar\Desktop\authorCSS\auth.or\client\node_modules\ursa-optional\build\ursaNative.vcxproj]
  c:\users\utalwar\desktop\authorcss\auth.or\client\node_modules\ursa-optional\src\ursanative.cc(553): note: Types pointed to are unrelated; conversion requires reinterpret_cast, C-style cast or function-style cast
c:\users\utalwar\desktop\authorcss\auth.or\client\node_modules\ursa-optional\src\ursanative.cc(690): error C2660: 'v8::FunctionTemplate::GetFunction': function does not take 0 arguments [C:\Users\utalwar\Desktop\authorCSS\auth.or\client\node_modules\ursa-optional\build\ursaNative.vcxproj]
  c:\users\utalwar\.node-gyp\12.4.0\include\node\v8.h(5947): note: see declaration of 'v8::FunctionTemplate::GetFunction' (compiling source file ..\src\ursaNative.cc)
c:\users\utalwar\desktop\authorcss\auth.or\client\node_modules\ursa-optional\src\ursanative.cc(690): error C2661: 'v8::Object::Set': no overloaded function takes 1 arguments [C:\Users\utalwar\Desktop\authorCSS\auth.or\client\node_modules\ursa-optional\build\ursaNative.vcxproj]
c:\users\utalwar\desktop\authorcss\auth.or\client\node_modules\ursa-optional\src\ursanative.cc(691): error C2660: 'v8::FunctionTemplate::GetFunction': function does not take 0 arguments [C:\Users\utalwar\Desktop\authorCSS\auth.or\client\node_modules\ursa-optional\build\ursaNative.vcxproj]
  c:\users\utalwar\.node-gyp\12.4.0\include\node\v8.h(5947): note: see declaration of 'v8::FunctionTemplate::GetFunction' (compiling source file ..\src\ursaNative.cc)
c:\users\utalwar\desktop\authorcss\auth.or\client\node_modules\ursa-optional\src\ursanative.cc(691): error C2660: 'Nan::Persistent<v8::Function,v8::NonCopyablePersistentTraits<T>>::Reset': function does not take 1 arguments [C:\Users\utalwar\Desktop\authorCSS\auth.or\client\node_modules\ursa-optional\build\ursaNative.vcxproj]
          with
          [
              T=v8::Function
          ]
  c:\users\utalwar\desktop\authorcss\auth.or\client\node_modules\nan\nan_persistent_12_inl.h(25): note: see declaration of 'Nan::Persistent<v8::Function,v8::NonCopyablePersistentTraits<T>>::Reset'
          with
          [
              T=v8::Function
          ] (compiling source file ..\src\ursaNative.cc)
c:\users\utalwar\desktop\authorcss\auth.or\client\node_modules\ursa-optional\src\ursanative.cc(693): error C2660: 'v8::FunctionTemplate::GetFunction': function does not take 0 arguments [C:\Users\utalwar\Desktop\authorCSS\auth.or\client\node_modules\ursa-optional\build\ursaNative.vcxproj]
  c:\users\utalwar\.node-gyp\12.4.0\include\node\v8.h(5947): note: see declaration of 'v8::FunctionTemplate::GetFunction' (compiling source file ..\src\ursaNative.cc)
c:\users\utalwar\desktop\authorcss\auth.or\client\node_modules\ursa-optional\src\ursanative.cc(693): error C2661: 'v8::Object::Set': no overloaded function takes 1 arguments [C:\Users\utalwar\Desktop\authorCSS\auth.or\client\node_modules\ursa-optional\build\ursaNative.vcxproj]
c:\users\utalwar\desktop\authorcss\auth.or\client\node_modules\ursa-optional\src\ursanative.cc(866): error C2660: 'v8::Value::Uint32Value': function does not take 0 arguments [C:\Users\utalwar\Desktop\authorCSS\auth.or\client\node_modules\ursa-optional\build\ursaNative.vcxproj]
  c:\users\utalwar\.node-gyp\12.4.0\include\node\v8.h(2567): note: see declaration of 'v8::Value::Uint32Value' (compiling source file ..\src\ursaNative.cc)
c:\users\utalwar\desktop\authorcss\auth.or\client\node_modules\ursa-optional\src\ursanative.cc(867): error C2660: 'v8::Value::Uint32Value': function does not take 0 arguments [C:\Users\utalwar\Desktop\authorCSS\auth.or\client\node_modules\ursa-optional\build\ursaNative.vcxproj]
  c:\users\utalwar\.node-gyp\12.4.0\include\node\v8.h(2567): note: see declaration of 'v8::Value::Uint32Value' (compiling source file ..\src\ursaNative.cc)
c:\users\utalwar\desktop\authorcss\auth.or\client\node_modules\ursa-optional\src\ursanative.cc(1103): error C2660: 'v8::Value::Uint32Value': function does not take 0 arguments [C:\Users\utalwar\Desktop\authorCSS\auth.or\client\node_modules\ursa-optional\build\ursaNative.vcxproj]
  c:\users\utalwar\.node-gyp\12.4.0\include\node\v8.h(2567): note: see declaration of 'v8::Value::Uint32Value' (compiling source file ..\src\ursaNative.cc)
c:\users\utalwar\desktop\authorcss\auth.or\client\node_modules\ursa-optional\src\ursanative.cc(1161): error C2660: 'v8::Value::Uint32Value': function does not take 0 arguments [C:\Users\utalwar\Desktop\authorCSS\auth.or\client\node_modules\ursa-optional\build\ursaNative.vcxproj]
  c:\users\utalwar\.node-gyp\12.4.0\include\node\v8.h(2567): note: see declaration of 'v8::Value::Uint32Value' (compiling source file ..\src\ursaNative.cc)
c:\users\utalwar\desktop\authorcss\auth.or\client\node_modules\ursa-optional\src\ursanative.cc(1218): error C2660: 'v8::Value::Uint32Value': function does not take 0 arguments [C:\Users\utalwar\Desktop\authorCSS\auth.or\client\node_modules\ursa-optional\build\ursaNative.vcxproj]
  c:\users\utalwar\.node-gyp\12.4.0\include\node\v8.h(2567): note: see declaration of 'v8::Value::Uint32Value' (compiling source file ..\src\ursaNative.cc)
c:\users\utalwar\desktop\authorcss\auth.or\client\node_modules\ursa-optional\src\ursanative.cc(1272): error C2660: 'v8::Value::Uint32Value': function does not take 0 arguments [C:\Users\utalwar\Desktop\authorCSS\auth.or\client\node_modules\ursa-optional\build\ursaNative.vcxproj]
  c:\users\utalwar\.node-gyp\12.4.0\include\node\v8.h(2567): note: see declaration of 'v8::Value::Uint32Value' (compiling source file ..\src\ursaNative.cc)
c:\users\utalwar\desktop\authorcss\auth.or\client\node_modules\ursa-optional\src\ursanative.cc(1411): error C2660: 'v8::Value::Uint32Value': function does not take 0 arguments [C:\Users\utalwar\Desktop\authorCSS\auth.or\client\node_modules\ursa-optional\build\ursaNative.vcxproj]
  c:\users\utalwar\.node-gyp\12.4.0\include\node\v8.h(2567): note: see declaration of 'v8::Value::Uint32Value' (compiling source file ..\src\ursaNative.cc)
c:\users\utalwar\desktop\authorcss\auth.or\client\node_modules\ursa-optional\src\ursanative.cc(1477): error C2660: 'v8::Value::Uint32Value': function does not take 0 arguments [C:\Users\utalwar\Desktop\authorCSS\auth.or\client\node_modules\ursa-optional\build\ursaNative.vcxproj]
  c:\users\utalwar\.node-gyp\12.4.0\include\node\v8.h(2567): note: see declaration of 'v8::Value::Uint32Value' (compiling source file ..\src\ursaNative.cc)
c:\users\utalwar\desktop\authorcss\auth.or\client\node_modules\ursa-optional\src\ursanative.cc(1554): error C2660: 'v8::Value::Uint32Value': function does not take 0 arguments [C:\Users\utalwar\Desktop\authorCSS\auth.or\client\node_modules\ursa-optional\build\ursaNative.vcxproj]
  c:\users\utalwar\.node-gyp\12.4.0\include\node\v8.h(2567): note: see declaration of 'v8::Value::Uint32Value' (compiling source file ..\src\ursaNative.cc)
c:\users\utalwar\desktop\authorcss\auth.or\client\node_modules\ursa-optional\src\ursanative.cc(1584): error C2660: 'v8::Value::Uint32Value': function does not take 0 arguments [C:\Users\utalwar\Desktop\authorCSS\auth.or\client\node_modules\ursa-optional\build\ursaNative.vcxproj]
  c:\users\utalwar\.node-gyp\12.4.0\include\node\v8.h(2567): note: see declaration of 'v8::Value::Uint32Value' (compiling source file ..\src\ursaNative.cc)
c:\users\utalwar\desktop\authorcss\auth.or\client\node_modules\ursa-optional\src\ursanative.cc(1627): error C2660: 'v8::Value::Uint32Value': function does not take 0 arguments [C:\Users\utalwar\Desktop\authorCSS\auth.or\client\node_modules\ursa-optional\build\ursaNative.vcxproj]
  c:\users\utalwar\.node-gyp\12.4.0\include\node\v8.h(2567): note: see declaration of 'v8::Value::Uint32Value' (compiling source file ..\src\ursaNative.cc)
c:\users\utalwar\desktop\authorcss\auth.or\client\node_modules\ursa-optional\src\ursanative.cc(1674): error C2660: 'v8::Value::Uint32Value': function does not take 0 arguments [C:\Users\utalwar\Desktop\authorCSS\auth.or\client\node_modules\ursa-optional\build\ursaNative.vcxproj]
  c:\users\utalwar\.node-gyp\12.4.0\include\node\v8.h(2567): note: see declaration of 'v8::Value::Uint32Value' (compiling source file ..\src\ursaNative.cc)
